<?xml version="1.0" encoding="UTF-8" ?>
<testsuite tests="42" failures="0" name="com.baeldung.rest.karate.KarateIntegrationTest" time="0.079" errors="0" skipped="6">
  <properties>
[...]
</properties>
  <testcase classname="Scenario: Data Upload to a web service" name="When users upload data on a project" time="0.006">
    <skipped/>
    <system-out>web - 2020-04-28 18:25:25,725 [main] INFO  org.eclipse.jetty.server.Server - jetty-9.2.26.v20180806
web - 2020-04-28 18:25:25,728 [main] INFO  o.e.j.server.handler.ContextHandler - Started o.e.j.s.ServletContextHandler@7a22a3c2{/__admin,null,AVAILABLE}
web - 2020-04-28 18:25:25,729 [main] INFO  o.e.j.server.handler.ContextHandler - Started o.e.j.s.ServletContextHandler@301aa982{/,null,AVAILABLE}
web - 2020-04-28 18:25:25,732 [main] INFO  o.e.j.s.NetworkTrafficServerConnector - Started NetworkTrafficServerConnector@5fc930f0{HTTP/1.1}{0.0.0.0:8097}
web - 2020-04-28 18:25:25,733 [main] INFO  org.eclipse.jetty.server.Server - Started @7130ms
web - 2020-04-28 18:25:25,740 [qtp123629835-45] INFO  /__admin - RequestHandlerClass from context returned com.github.tomakehurst.wiremock.http.AdminRequestHandler. Normalized mapped under returned &apos;null&apos;
</system-out>
  </testcase>
  <testcase classname="Scenario: Data Upload to a web service" name="Then the server should handle it and return a success status" time="0.007">
    <skipped/>
  </testcase>
  <testcase classname="Scenario: Data Upload to a web service" name="Scenario: Data Upload to a web service" time="0.009">
    <skipped/>
  </testcase>
  <testcase classname="Scenario: Data Upload to a web service" name="Scenario: Data Upload to a web service" time="0.009"/>
  <testcase classname="Scenario: Data retrieval from a web service" name="When users want to get information on the Cucumber project" time="0.002">
    <skipped/>
  </testcase>
  <testcase classname="Scenario: Data retrieval from a web service" name="Then the requested data is returned" time="0.002">
    <skipped/>
  </testcase>
  <testcase classname="Scenario: Data retrieval from a web service" name="Scenario: Data retrieval from a web service" time="0.006">
    <skipped/>
  </testcase>
  <testcase classname="Scenario: Data retrieval from a web service" name="Scenario: Data retrieval from a web service" time="0.006"/>
  <testcase classname="Scenario: Testing valid GET endpoint" name="Given url &apos;http://localhost:8097/user/get&apos;" time="0"/>
  <testcase classname="Scenario: Testing valid GET endpoint" name="When method GET" time="0"/>
  <testcase classname="Scenario: Testing valid GET endpoint" name="Then status 200" time="0"/>
  <testcase classname="Scenario: Testing valid GET endpoint" name="Scenario: Testing valid GET endpoint" time="0.004"/>
  <testcase classname="Scenario: Testing an invalid GET endpoint - 404" name="Given url &apos;http://localhost:8097/user/wrong&apos;" time="0"/>
  <testcase classname="Scenario: Testing an invalid GET endpoint - 404" name="When method GET" time="0"/>
  <testcase classname="Scenario: Testing an invalid GET endpoint - 404" name="Then status 404" time="0"/>
  <testcase classname="Scenario: Testing an invalid GET endpoint - 404" name="Scenario: Testing an invalid GET endpoint - 404" time="0"/>
  <testcase classname="Scenario: Testing the exact response of a GET endpoint" name="Given url &apos;http://localhost:8097/user/get&apos;" time="0"/>
  <testcase classname="Scenario: Testing the exact response of a GET endpoint" name="When method GET" time="0"/>
  <testcase classname="Scenario: Testing the exact response of a GET endpoint" name="Then status 200" time="0"/>
  <testcase classname="Scenario: Testing the exact response of a GET endpoint" name="And match $ == {id:&quot;1234&quot;,name:&quot;John Smith&quot;}" time="0"/>
  <testcase classname="Scenario: Testing the exact response of a GET endpoint" name="Scenario: Testing the exact response of a GET endpoint" time="0.007"/>
  <testcase classname="Scenario: Testing the exact response field value of a GET endpoint" name="Given url &apos;http://localhost:8097/user/get&apos;" time="0"/>
  <testcase classname="Scenario: Testing the exact response field value of a GET endpoint" name="When method GET" time="0"/>
  <testcase classname="Scenario: Testing the exact response field value of a GET endpoint" name="Then status 200" time="0"/>
  <testcase classname="Scenario: Testing the exact response field value of a GET endpoint" name="And match $.id == &quot;1234&quot;" time="0"/>
  <testcase classname="Scenario: Testing the exact response field value of a GET endpoint" name="Scenario: Testing the exact response field value of a GET endpoint" time="0.006"/>
  <testcase classname="Scenario: Testing that GET response contains specific field" name="Given url &apos;http://localhost:8097/user/get&apos;" time="0"/>
  <testcase classname="Scenario: Testing that GET response contains specific field" name="When method GET" time="0"/>
  <testcase classname="Scenario: Testing that GET response contains specific field" name="Then status 200" time="0"/>
  <testcase classname="Scenario: Testing that GET response contains specific field" name="And match $ contains {id:&quot;1234&quot;}" time="0"/>
  <testcase classname="Scenario: Testing that GET response contains specific field" name="Scenario: Testing that GET response contains specific field" time="0.005"/>
  <testcase classname="Scenario: Test GET response using markers" name="Given url &apos;http://localhost:8097/user/get&apos;" time="0"/>
  <testcase classname="Scenario: Test GET response using markers" name="When method GET" time="0"/>
  <testcase classname="Scenario: Test GET response using markers" name="Then status 200" time="0"/>
  <testcase classname="Scenario: Test GET response using markers" name="And match $ == {id:&quot;#notnull&quot;,name:&quot;John Smith&quot;}" time="0"/>
  <testcase classname="Scenario: Test GET response using markers" name="Scenario: Test GET response using markers" time="0.004"/>
  <testcase classname="Scenario: Testing a POST endpoint with request body" name="Given url &apos;http://localhost:8097/user/create&apos;" time="0"/>
  <testcase classname="Scenario: Testing a POST endpoint with request body" name="And request { id: &apos;1234&apos; , name: &apos;John Smith&apos;}" time="0"/>
  <testcase classname="Scenario: Testing a POST endpoint with request body" name="When method POST" time="0"/>
  <testcase classname="Scenario: Testing a POST endpoint with request body" name="Then status 200" time="0.001"/>
  <testcase classname="Scenario: Testing a POST endpoint with request body" name="And match $ contains {id:&quot;#notnull&quot;}" time="0"/>
  <testcase classname="Scenario: Testing a POST endpoint with request body" name="Scenario: Testing a POST endpoint with request body" time="0.005"/>
</testsuite>